2016-10-20 11:01:46,851 - ClasspathResourceLoader : initialization complete.
2016-10-20 11:01:46,852 - ResourceCache : initialized. (class org.apache.velocity.runtime.resource.ResourceCacheImpl)
2016-10-20 11:01:46,852 - Default ResourceManager initialization complete.
2016-10-20 11:01:46,854 - Loaded System Directive: org.apache.velocity.runtime.directive.Literal
2016-10-20 11:01:46,854 - Loaded System Directive: org.apache.velocity.runtime.directive.Macro
2016-10-20 11:01:46,856 - Loaded System Directive: org.apache.velocity.runtime.directive.Parse
2016-10-20 11:01:46,858 - Loaded System Directive: org.apache.velocity.runtime.directive.Include
2016-10-20 11:01:46,858 - Loaded System Directive: org.apache.velocity.runtime.directive.Foreach
2016-10-20 11:01:46,898 - Created: 20 parsers.
2016-10-20 11:01:46,904 - Velocimacro : initialization starting.
2016-10-20 11:01:46,904 - Velocimacro : adding VMs from VM library template : VM_global_library.vm
2016-10-20 11:01:46,908 - ResourceManager : unable to find resource 'VM_global_library.vm' in any resource loader.
2016-10-20 11:01:46,908 - Velocimacro : error using  VM library template VM_global_library.vm : org.apache.velocity.exception.ResourceNotFoundException: Unable to find resource 'VM_global_library.vm'
2016-10-20 11:01:46,908 - Velocimacro :  VM library template macro registration complete.
2016-10-20 11:01:46,908 - Velocimacro : allowInline = true : VMs can be defined inline in templates
2016-10-20 11:01:46,908 - Velocimacro : allowInlineToOverride = false : VMs defined inline may NOT replace previous VM definitions
2016-10-20 11:01:46,908 - Velocimacro : allowInlineLocal = false : VMs defined inline will be  global in scope if allowed.
2016-10-20 11:01:46,908 - Velocimacro : messages on  : VM system will output logging messages
2016-10-20 11:01:46,908 - Velocimacro : autoload off  : VM system will not automatically reload global library macros
2016-10-20 11:01:46,908 - Velocimacro : initialization complete.
2016-10-20 11:01:46,908 - Velocity successfully started.
2016-10-20 11:05:46,417 - SimpleLog4JLogSystem initialized using logfile 'velocity.log'
2016-10-20 11:05:46,417 - ************************************************************** 
2016-10-20 11:05:46,417 - Starting Jakarta Velocity v1.4
2016-10-20 11:05:46,417 - RuntimeInstance initializing.
2016-10-20 11:05:46,417 - Default Properties File: org/apache/velocity/runtime/defaults/velocity.properties
2016-10-20 11:05:46,417 - Trying to use logger class org.apache.velocity.runtime.log.SimpleLog4JLogSystem
2016-10-20 11:05:46,417 - Using logger class org.apache.velocity.runtime.log.SimpleLog4JLogSystem
2016-10-20 11:05:46,419 - Default ResourceManager initializing. (class org.apache.velocity.runtime.resource.ResourceManagerImpl)
2016-10-20 11:05:46,421 - Resource Loader Instantiated: org.apache.velocity.runtime.resource.loader.FileResourceLoader
2016-10-20 11:05:46,421 - FileResourceLoader : initialization starting.
2016-10-20 11:05:46,421 - FileResourceLoader : adding path '.'
2016-10-20 11:05:46,421 - FileResourceLoader : initialization complete.
2016-10-20 11:05:46,422 - Resource Loader Instantiated: org.apache.velocity.runtime.resource.loader.ClasspathResourceLoader
2016-10-20 11:05:46,422 - ClasspathResourceLoader : initialization starting.
2016-10-20 11:05:46,422 - ClasspathResourceLoader : initialization complete.
2016-10-20 11:05:46,424 - ResourceCache : initialized. (class org.apache.velocity.runtime.resource.ResourceCacheImpl)
2016-10-20 11:05:46,424 - Default ResourceManager initialization complete.
2016-10-20 11:05:46,425 - Loaded System Directive: org.apache.velocity.runtime.directive.Literal
2016-10-20 11:05:46,428 - Loaded System Directive: org.apache.velocity.runtime.directive.Macro
2016-10-20 11:05:46,431 - Loaded System Directive: org.apache.velocity.runtime.directive.Parse
2016-10-20 11:05:46,437 - Loaded System Directive: org.apache.velocity.runtime.directive.Include
2016-10-20 11:05:46,443 - Loaded System Directive: org.apache.velocity.runtime.directive.Foreach
2016-10-20 11:05:46,491 - Created: 20 parsers.
2016-10-20 11:05:46,500 - Velocimacro : initialization starting.
2016-10-20 11:05:46,500 - Velocimacro : adding VMs from VM library template : VM_global_library.vm
2016-10-20 11:05:46,505 - ResourceManager : unable to find resource 'VM_global_library.vm' in any resource loader.
2016-10-20 11:05:46,506 - Velocimacro : error using  VM library template VM_global_library.vm : org.apache.velocity.exception.ResourceNotFoundException: Unable to find resource 'VM_global_library.vm'
2016-10-20 11:05:46,506 - Velocimacro :  VM library template macro registration complete.
2016-10-20 11:05:46,506 - Velocimacro : allowInline = true : VMs can be defined inline in templates
2016-10-20 11:05:46,506 - Velocimacro : allowInlineToOverride = false : VMs defined inline may NOT replace previous VM definitions
2016-10-20 11:05:46,506 - Velocimacro : allowInlineLocal = false : VMs defined inline will be  global in scope if allowed.
2016-10-20 11:05:46,506 - Velocimacro : messages on  : VM system will output logging messages
2016-10-20 11:05:46,506 - Velocimacro : autoload off  : VM system will not automatically reload global library macros
2016-10-20 11:05:46,506 - Velocimacro : initialization complete.
2016-10-20 11:05:46,506 - Velocity successfully started.
2016-10-20 11:06:56,662 - SimpleLog4JLogSystem initialized using logfile 'velocity.log'
2016-10-20 11:06:56,663 - ************************************************************** 
2016-10-20 11:06:56,663 - Starting Jakarta Velocity v1.4
2016-10-20 11:06:56,664 - RuntimeInstance initializing.
2016-10-20 11:06:56,664 - Default Properties File: org/apache/velocity/runtime/defaults/velocity.properties
2016-10-20 11:06:56,664 - Trying to use logger class org.apache.velocity.runtime.log.SimpleLog4JLogSystem
2016-10-20 11:06:56,664 - Using logger class org.apache.velocity.runtime.log.SimpleLog4JLogSystem
2016-10-20 11:06:56,667 - Default ResourceManager initializing. (class org.apache.velocity.runtime.resource.ResourceManagerImpl)
2016-10-20 11:06:56,677 - Resource Loader Instantiated: org.apache.velocity.runtime.resource.loader.FileResourceLoader
2016-10-20 11:06:56,678 - FileResourceLoader : initialization starting.
2016-10-20 11:06:56,679 - FileResourceLoader : adding path '.'
2016-10-20 11:06:56,679 - FileResourceLoader : initialization complete.
2016-10-20 11:06:56,680 - Resource Loader Instantiated: org.apache.velocity.runtime.resource.loader.ClasspathResourceLoader
2016-10-20 11:06:56,680 - ClasspathResourceLoader : initialization starting.
2016-10-20 11:06:56,680 - ClasspathResourceLoader : initialization complete.
2016-10-20 11:06:56,681 - ResourceCache : initialized. (class org.apache.velocity.runtime.resource.ResourceCacheImpl)
2016-10-20 11:06:56,681 - Default ResourceManager initialization complete.
2016-10-20 11:06:56,683 - Loaded System Directive: org.apache.velocity.runtime.directive.Literal
2016-10-20 11:06:56,686 - Loaded System Directive: org.apache.velocity.runtime.directive.Macro
2016-10-20 11:06:56,692 - Loaded System Directive: org.apache.velocity.runtime.directive.Parse
2016-10-20 11:06:56,694 - Loaded System Directive: org.apache.velocity.runtime.directive.Include
2016-10-20 11:06:56,696 - Loaded System Directive: org.apache.velocity.runtime.directive.Foreach
2016-10-20 11:06:56,728 - Created: 20 parsers.
2016-10-20 11:06:56,731 - Velocimacro : initialization starting.
2016-10-20 11:06:56,731 - Velocimacro : adding VMs from VM library template : VM_global_library.vm
2016-10-20 11:06:56,734 - ResourceManager : unable to find resource 'VM_global_library.vm' in any resource loader.
2016-10-20 11:06:56,734 - Velocimacro : error using  VM library template VM_global_library.vm : org.apache.velocity.exception.ResourceNotFoundException: Unable to find resource 'VM_global_library.vm'
2016-10-20 11:06:56,734 - Velocimacro :  VM library template macro registration complete.
2016-10-20 11:06:56,734 - Velocimacro : allowInline = true : VMs can be defined inline in templates
2016-10-20 11:06:56,734 - Velocimacro : allowInlineToOverride = false : VMs defined inline may NOT replace previous VM definitions
2016-10-20 11:06:56,734 - Velocimacro : allowInlineLocal = false : VMs defined inline will be  global in scope if allowed.
2016-10-20 11:06:56,734 - Velocimacro : messages on  : VM system will output logging messages
2016-10-20 11:06:56,734 - Velocimacro : autoload off  : VM system will not automatically reload global library macros
2016-10-20 11:06:56,734 - Velocimacro : initialization complete.
2016-10-20 11:06:56,734 - Velocity successfully started.
2016-10-20 11:08:42,073 - SimpleLog4JLogSystem initialized using logfile 'velocity.log'
2016-10-20 11:08:42,073 - ************************************************************** 
2016-10-20 11:08:42,073 - Starting Jakarta Velocity v1.4
2016-10-20 11:08:42,073 - RuntimeInstance initializing.
2016-10-20 11:08:42,073 - Default Properties File: org/apache/velocity/runtime/defaults/velocity.properties
2016-10-20 11:08:42,073 - Trying to use logger class org.apache.velocity.runtime.log.SimpleLog4JLogSystem
2016-10-20 11:08:42,073 - Using logger class org.apache.velocity.runtime.log.SimpleLog4JLogSystem
2016-10-20 11:08:42,075 - Default ResourceManager initializing. (class org.apache.velocity.runtime.resource.ResourceManagerImpl)
2016-10-20 11:08:42,077 - Resource Loader Instantiated: org.apache.velocity.runtime.resource.loader.FileResourceLoader
2016-10-20 11:08:42,077 - FileResourceLoader : initialization starting.
2016-10-20 11:08:42,077 - FileResourceLoader : adding path '.'
2016-10-20 11:08:42,077 - FileResourceLoader : initialization complete.
2016-10-20 11:08:42,078 - Resource Loader Instantiated: org.apache.velocity.runtime.resource.loader.ClasspathResourceLoader
2016-10-20 11:08:42,078 - ClasspathResourceLoader : initialization starting.
2016-10-20 11:08:42,078 - ClasspathResourceLoader : initialization complete.
2016-10-20 11:08:42,079 - ResourceCache : initialized. (class org.apache.velocity.runtime.resource.ResourceCacheImpl)
2016-10-20 11:08:42,079 - Default ResourceManager initialization complete.
2016-10-20 11:08:42,080 - Loaded System Directive: org.apache.velocity.runtime.directive.Literal
2016-10-20 11:08:42,081 - Loaded System Directive: org.apache.velocity.runtime.directive.Macro
2016-10-20 11:08:42,083 - Loaded System Directive: org.apache.velocity.runtime.directive.Parse
2016-10-20 11:08:42,085 - Loaded System Directive: org.apache.velocity.runtime.directive.Include
2016-10-20 11:08:42,087 - Loaded System Directive: org.apache.velocity.runtime.directive.Foreach
2016-10-20 11:08:42,149 - Created: 20 parsers.
2016-10-20 11:08:42,161 - Velocimacro : initialization starting.
2016-10-20 11:08:42,161 - Velocimacro : adding VMs from VM library template : VM_global_library.vm
2016-10-20 11:08:42,166 - ResourceManager : unable to find resource 'VM_global_library.vm' in any resource loader.
2016-10-20 11:08:42,166 - Velocimacro : error using  VM library template VM_global_library.vm : org.apache.velocity.exception.ResourceNotFoundException: Unable to find resource 'VM_global_library.vm'
2016-10-20 11:08:42,167 - Velocimacro :  VM library template macro registration complete.
2016-10-20 11:08:42,167 - Velocimacro : allowInline = true : VMs can be defined inline in templates
2016-10-20 11:08:42,169 - Velocimacro : allowInlineToOverride = false : VMs defined inline may NOT replace previous VM definitions
2016-10-20 11:08:42,169 - Velocimacro : allowInlineLocal = false : VMs defined inline will be  global in scope if allowed.
2016-10-20 11:08:42,169 - Velocimacro : messages on  : VM system will output logging messages
2016-10-20 11:08:42,169 - Velocimacro : autoload off  : VM system will not automatically reload global library macros
2016-10-20 11:08:42,169 - Velocimacro : initialization complete.
2016-10-20 11:08:42,169 - Velocity successfully started.
2016-10-20 11:11:53,258 - SimpleLog4JLogSystem initialized using logfile 'velocity.log'
2016-10-20 11:11:53,258 - ************************************************************** 
2016-10-20 11:11:53,258 - Starting Jakarta Velocity v1.4
2016-10-20 11:11:53,258 - RuntimeInstance initializing.
2016-10-20 11:11:53,258 - Default Properties File: org/apache/velocity/runtime/defaults/velocity.properties
2016-10-20 11:11:53,258 - Trying to use logger class org.apache.velocity.runtime.log.SimpleLog4JLogSystem
2016-10-20 11:11:53,258 - Using logger class org.apache.velocity.runtime.log.SimpleLog4JLogSystem
2016-10-20 11:11:53,260 - Default ResourceManager initializing. (class org.apache.velocity.runtime.resource.ResourceManagerImpl)
2016-10-20 11:11:53,262 - Resource Loader Instantiated: org.apache.velocity.runtime.resource.loader.FileResourceLoader
2016-10-20 11:11:53,262 - FileResourceLoader : initialization starting.
2016-10-20 11:11:53,262 - FileResourceLoader : adding path '.'
2016-10-20 11:11:53,262 - FileResourceLoader : initialization complete.
2016-10-20 11:11:53,263 - Resource Loader Instantiated: org.apache.velocity.runtime.resource.loader.ClasspathResourceLoader
2016-10-20 11:11:53,263 - ClasspathResourceLoader : initialization starting.
2016-10-20 11:11:53,263 - ClasspathResourceLoader : initialization complete.
2016-10-20 11:11:53,264 - ResourceCache : initialized. (class org.apache.velocity.runtime.resource.ResourceCacheImpl)
2016-10-20 11:11:53,264 - Default ResourceManager initialization complete.
2016-10-20 11:11:53,265 - Loaded System Directive: org.apache.velocity.runtime.directive.Literal
2016-10-20 11:11:53,266 - Loaded System Directive: org.apache.velocity.runtime.directive.Macro
2016-10-20 11:11:53,268 - Loaded System Directive: org.apache.velocity.runtime.directive.Parse
2016-10-20 11:11:53,269 - Loaded System Directive: org.apache.velocity.runtime.directive.Include
2016-10-20 11:11:53,276 - Loaded System Directive: org.apache.velocity.runtime.directive.Foreach
2016-10-20 11:11:53,321 - Created: 20 parsers.
2016-10-20 11:11:53,327 - Velocimacro : initialization starting.
2016-10-20 11:11:53,327 - Velocimacro : adding VMs from VM library template : VM_global_library.vm
2016-10-20 11:11:53,333 - ResourceManager : unable to find resource 'VM_global_library.vm' in any resource loader.
2016-10-20 11:11:53,333 - Velocimacro : error using  VM library template VM_global_library.vm : org.apache.velocity.exception.ResourceNotFoundException: Unable to find resource 'VM_global_library.vm'
2016-10-20 11:11:53,333 - Velocimacro :  VM library template macro registration complete.
2016-10-20 11:11:53,334 - Velocimacro : allowInline = true : VMs can be defined inline in templates
2016-10-20 11:11:53,334 - Velocimacro : allowInlineToOverride = false : VMs defined inline may NOT replace previous VM definitions
2016-10-20 11:11:53,334 - Velocimacro : allowInlineLocal = false : VMs defined inline will be  global in scope if allowed.
2016-10-20 11:11:53,334 - Velocimacro : messages on  : VM system will output logging messages
2016-10-20 11:11:53,334 - Velocimacro : autoload off  : VM system will not automatically reload global library macros
2016-10-20 11:11:53,334 - Velocimacro : initialization complete.
2016-10-20 11:11:53,334 - Velocity successfully started.
2016-10-20 11:13:13,167 - SimpleLog4JLogSystem initialized using logfile 'velocity.log'
2016-10-20 11:13:13,168 - ************************************************************** 
2016-10-20 11:13:13,168 - Starting Jakarta Velocity v1.4
2016-10-20 11:13:13,168 - RuntimeInstance initializing.
2016-10-20 11:13:13,168 - Default Properties File: org/apache/velocity/runtime/defaults/velocity.properties
2016-10-20 11:13:13,168 - Trying to use logger class org.apache.velocity.runtime.log.SimpleLog4JLogSystem
2016-10-20 11:13:13,168 - Using logger class org.apache.velocity.runtime.log.SimpleLog4JLogSystem
2016-10-20 11:13:13,173 - Default ResourceManager initializing. (class org.apache.velocity.runtime.resource.ResourceManagerImpl)
2016-10-20 11:13:13,177 - Resource Loader Instantiated: org.apache.velocity.runtime.resource.loader.FileResourceLoader
2016-10-20 11:13:13,177 - FileResourceLoader : initialization starting.
2016-10-20 11:13:13,177 - FileResourceLoader : adding path '.'
2016-10-20 11:13:13,177 - FileResourceLoader : initialization complete.
2016-10-20 11:13:13,178 - Resource Loader Instantiated: org.apache.velocity.runtime.resource.loader.ClasspathResourceLoader
2016-10-20 11:13:13,178 - ClasspathResourceLoader : initialization starting.
2016-10-20 11:13:13,178 - ClasspathResourceLoader : initialization complete.
2016-10-20 11:13:13,179 - ResourceCache : initialized. (class org.apache.velocity.runtime.resource.ResourceCacheImpl)
2016-10-20 11:13:13,179 - Default ResourceManager initialization complete.
2016-10-20 11:13:13,181 - Loaded System Directive: org.apache.velocity.runtime.directive.Literal
2016-10-20 11:13:13,184 - Loaded System Directive: org.apache.velocity.runtime.directive.Macro
2016-10-20 11:13:13,187 - Loaded System Directive: org.apache.velocity.runtime.directive.Parse
2016-10-20 11:13:13,190 - Loaded System Directive: org.apache.velocity.runtime.directive.Include
2016-10-20 11:13:13,191 - Loaded System Directive: org.apache.velocity.runtime.directive.Foreach
2016-10-20 11:13:13,214 - Created: 20 parsers.
2016-10-20 11:13:13,218 - Velocimacro : initialization starting.
2016-10-20 11:13:13,218 - Velocimacro : adding VMs from VM library template : VM_global_library.vm
2016-10-20 11:13:13,221 - ResourceManager : unable to find resource 'VM_global_library.vm' in any resource loader.
2016-10-20 11:13:13,221 - Velocimacro : error using  VM library template VM_global_library.vm : org.apache.velocity.exception.ResourceNotFoundException: Unable to find resource 'VM_global_library.vm'
2016-10-20 11:13:13,221 - Velocimacro :  VM library template macro registration complete.
2016-10-20 11:13:13,221 - Velocimacro : allowInline = true : VMs can be defined inline in templates
2016-10-20 11:13:13,221 - Velocimacro : allowInlineToOverride = false : VMs defined inline may NOT replace previous VM definitions
2016-10-20 11:13:13,221 - Velocimacro : allowInlineLocal = false : VMs defined inline will be  global in scope if allowed.
2016-10-20 11:13:13,221 - Velocimacro : messages on  : VM system will output logging messages
2016-10-20 11:13:13,221 - Velocimacro : autoload off  : VM system will not automatically reload global library macros
2016-10-20 11:13:13,221 - Velocimacro : initialization complete.
2016-10-20 11:13:13,221 - Velocity successfully started.
2016-10-20 11:13:52,148 - SimpleLog4JLogSystem initialized using logfile 'velocity.log'
2016-10-20 11:13:52,151 - ************************************************************** 
2016-10-20 11:13:52,151 - Starting Jakarta Velocity v1.4
2016-10-20 11:13:52,151 - RuntimeInstance initializing.
2016-10-20 11:13:52,151 - Default Properties File: org/apache/velocity/runtime/defaults/velocity.properties
2016-10-20 11:13:52,151 - Trying to use logger class org.apache.velocity.runtime.log.SimpleLog4JLogSystem
2016-10-20 11:13:52,151 - Using logger class org.apache.velocity.runtime.log.SimpleLog4JLogSystem
2016-10-20 11:13:52,161 - Default ResourceManager initializing. (class org.apache.velocity.runtime.resource.ResourceManagerImpl)
2016-10-20 11:13:52,163 - Resource Loader Instantiated: org.apache.velocity.runtime.resource.loader.FileResourceLoader
2016-10-20 11:13:52,164 - FileResourceLoader : initialization starting.
2016-10-20 11:13:52,164 - FileResourceLoader : adding path '.'
2016-10-20 11:13:52,164 - FileResourceLoader : initialization complete.
2016-10-20 11:13:52,165 - Resource Loader Instantiated: org.apache.velocity.runtime.resource.loader.ClasspathResourceLoader
2016-10-20 11:13:52,166 - ClasspathResourceLoader : initialization starting.
2016-10-20 11:13:52,166 - ClasspathResourceLoader : initialization complete.
2016-10-20 11:13:52,169 - ResourceCache : initialized. (class org.apache.velocity.runtime.resource.ResourceCacheImpl)
2016-10-20 11:13:52,169 - Default ResourceManager initialization complete.
2016-10-20 11:13:52,173 - Loaded System Directive: org.apache.velocity.runtime.directive.Literal
2016-10-20 11:13:52,176 - Loaded System Directive: org.apache.velocity.runtime.directive.Macro
2016-10-20 11:13:52,178 - Loaded System Directive: org.apache.velocity.runtime.directive.Parse
2016-10-20 11:13:52,180 - Loaded System Directive: org.apache.velocity.runtime.directive.Include
2016-10-20 11:13:52,181 - Loaded System Directive: org.apache.velocity.runtime.directive.Foreach
2016-10-20 11:13:52,213 - Created: 20 parsers.
2016-10-20 11:13:52,217 - Velocimacro : initialization starting.
2016-10-20 11:13:52,217 - Velocimacro : adding VMs from VM library template : VM_global_library.vm
2016-10-20 11:13:52,220 - ResourceManager : unable to find resource 'VM_global_library.vm' in any resource loader.
2016-10-20 11:13:52,220 - Velocimacro : error using  VM library template VM_global_library.vm : org.apache.velocity.exception.ResourceNotFoundException: Unable to find resource 'VM_global_library.vm'
2016-10-20 11:13:52,220 - Velocimacro :  VM library template macro registration complete.
2016-10-20 11:13:52,221 - Velocimacro : allowInline = true : VMs can be defined inline in templates
2016-10-20 11:13:52,221 - Velocimacro : allowInlineToOverride = false : VMs defined inline may NOT replace previous VM definitions
2016-10-20 11:13:52,221 - Velocimacro : allowInlineLocal = false : VMs defined inline will be  global in scope if allowed.
2016-10-20 11:13:52,221 - Velocimacro : messages on  : VM system will output logging messages
2016-10-20 11:13:52,221 - Velocimacro : autoload off  : VM system will not automatically reload global library macros
2016-10-20 11:13:52,221 - Velocimacro : initialization complete.
2016-10-20 11:13:52,221 - Velocity successfully started.
2016-10-20 11:17:20,897 - SimpleLog4JLogSystem initialized using logfile 'velocity.log'
2016-10-20 11:17:20,897 - ************************************************************** 
2016-10-20 11:17:20,897 - Starting Jakarta Velocity v1.4
2016-10-20 11:17:20,897 - RuntimeInstance initializing.
2016-10-20 11:17:20,897 - Default Properties File: org/apache/velocity/runtime/defaults/velocity.properties
2016-10-20 11:17:20,897 - Trying to use logger class org.apache.velocity.runtime.log.SimpleLog4JLogSystem
2016-10-20 11:17:20,897 - Using logger class org.apache.velocity.runtime.log.SimpleLog4JLogSystem
2016-10-20 11:17:20,899 - Default ResourceManager initializing. (class org.apache.velocity.runtime.resource.ResourceManagerImpl)
2016-10-20 11:17:20,901 - Resource Loader Instantiated: org.apache.velocity.runtime.resource.loader.FileResourceLoader
2016-10-20 11:17:20,901 - FileResourceLoader : initialization starting.
2016-10-20 11:17:20,901 - FileResourceLoader : adding path '.'
2016-10-20 11:17:20,902 - FileResourceLoader : initialization complete.
2016-10-20 11:17:20,902 - Resource Loader Instantiated: org.apache.velocity.runtime.resource.loader.ClasspathResourceLoader
2016-10-20 11:17:20,902 - ClasspathResourceLoader : initialization starting.
2016-10-20 11:17:20,902 - ClasspathResourceLoader : initialization complete.
2016-10-20 11:17:20,903 - ResourceCache : initialized. (class org.apache.velocity.runtime.resource.ResourceCacheImpl)
2016-10-20 11:17:20,903 - Default ResourceManager initialization complete.
2016-10-20 11:17:20,904 - Loaded System Directive: org.apache.velocity.runtime.directive.Literal
2016-10-20 11:17:20,905 - Loaded System Directive: org.apache.velocity.runtime.directive.Macro
2016-10-20 11:17:20,907 - Loaded System Directive: org.apache.velocity.runtime.directive.Parse
2016-10-20 11:17:20,908 - Loaded System Directive: org.apache.velocity.runtime.directive.Include
2016-10-20 11:17:20,909 - Loaded System Directive: org.apache.velocity.runtime.directive.Foreach
2016-10-20 11:17:20,935 - Created: 20 parsers.
2016-10-20 11:17:20,938 - Velocimacro : initialization starting.
2016-10-20 11:17:20,938 - Velocimacro : adding VMs from VM library template : VM_global_library.vm
2016-10-20 11:17:20,940 - ResourceManager : unable to find resource 'VM_global_library.vm' in any resource loader.
2016-10-20 11:17:20,940 - Velocimacro : error using  VM library template VM_global_library.vm : org.apache.velocity.exception.ResourceNotFoundException: Unable to find resource 'VM_global_library.vm'
2016-10-20 11:17:20,940 - Velocimacro :  VM library template macro registration complete.
2016-10-20 11:17:20,940 - Velocimacro : allowInline = true : VMs can be defined inline in templates
2016-10-20 11:17:20,941 - Velocimacro : allowInlineToOverride = false : VMs defined inline may NOT replace previous VM definitions
2016-10-20 11:17:20,941 - Velocimacro : allowInlineLocal = false : VMs defined inline will be  global in scope if allowed.
2016-10-20 11:17:20,941 - Velocimacro : messages on  : VM system will output logging messages
2016-10-20 11:17:20,941 - Velocimacro : autoload off  : VM system will not automatically reload global library macros
2016-10-20 11:17:20,941 - Velocimacro : initialization complete.
2016-10-20 11:17:20,941 - Velocity successfully started.
2016-10-20 11:17:52,061 - SimpleLog4JLogSystem initialized using logfile 'velocity.log'
2016-10-20 11:17:52,061 - ************************************************************** 
2016-10-20 11:17:52,061 - Starting Jakarta Velocity v1.4
2016-10-20 11:17:52,061 - RuntimeInstance initializing.
2016-10-20 11:17:52,061 - Default Properties File: org/apache/velocity/runtime/defaults/velocity.properties
2016-10-20 11:17:52,061 - Trying to use logger class org.apache.velocity.runtime.log.SimpleLog4JLogSystem
2016-10-20 11:17:52,061 - Using logger class org.apache.velocity.runtime.log.SimpleLog4JLogSystem
2016-10-20 11:17:52,063 - Default ResourceManager initializing. (class org.apache.velocity.runtime.resource.ResourceManagerImpl)
2016-10-20 11:17:52,065 - Resource Loader Instantiated: org.apache.velocity.runtime.resource.loader.FileResourceLoader
2016-10-20 11:17:52,065 - FileResourceLoader : initialization starting.
2016-10-20 11:17:52,065 - FileResourceLoader : adding path '.'
2016-10-20 11:17:52,065 - FileResourceLoader : initialization complete.
2016-10-20 11:17:52,066 - Resource Loader Instantiated: org.apache.velocity.runtime.resource.loader.ClasspathResourceLoader
2016-10-20 11:17:52,066 - ClasspathResourceLoader : initialization starting.
2016-10-20 11:17:52,066 - ClasspathResourceLoader : initialization complete.
2016-10-20 11:17:52,067 - ResourceCache : initialized. (class org.apache.velocity.runtime.resource.ResourceCacheImpl)
2016-10-20 11:17:52,067 - Default ResourceManager initialization complete.
2016-10-20 11:17:52,070 - Loaded System Directive: org.apache.velocity.runtime.directive.Literal
2016-10-20 11:17:52,074 - Loaded System Directive: org.apache.velocity.runtime.directive.Macro
2016-10-20 11:17:52,080 - Loaded System Directive: org.apache.velocity.runtime.directive.Parse
2016-10-20 11:17:52,084 - Loaded System Directive: org.apache.velocity.runtime.directive.Include
2016-10-20 11:17:52,088 - Loaded System Directive: org.apache.velocity.runtime.directive.Foreach
2016-10-20 11:17:52,130 - Created: 20 parsers.
2016-10-20 11:17:52,138 - Velocimacro : initialization starting.
2016-10-20 11:17:52,138 - Velocimacro : adding VMs from VM library template : VM_global_library.vm
2016-10-20 11:17:52,141 - ResourceManager : unable to find resource 'VM_global_library.vm' in any resource loader.
2016-10-20 11:17:52,141 - Velocimacro : error using  VM library template VM_global_library.vm : org.apache.velocity.exception.ResourceNotFoundException: Unable to find resource 'VM_global_library.vm'
2016-10-20 11:17:52,141 - Velocimacro :  VM library template macro registration complete.
2016-10-20 11:17:52,141 - Velocimacro : allowInline = true : VMs can be defined inline in templates
2016-10-20 11:17:52,141 - Velocimacro : allowInlineToOverride = false : VMs defined inline may NOT replace previous VM definitions
2016-10-20 11:17:52,141 - Velocimacro : allowInlineLocal = false : VMs defined inline will be  global in scope if allowed.
2016-10-20 11:17:52,141 - Velocimacro : messages on  : VM system will output logging messages
2016-10-20 11:17:52,141 - Velocimacro : autoload off  : VM system will not automatically reload global library macros
2016-10-20 11:17:52,141 - Velocimacro : initialization complete.
2016-10-20 11:17:52,141 - Velocity successfully started.
2016-10-20 11:18:34,695 - SimpleLog4JLogSystem initialized using logfile 'velocity.log'
2016-10-20 11:18:34,695 - ************************************************************** 
2016-10-20 11:18:34,695 - Starting Jakarta Velocity v1.4
2016-10-20 11:18:34,695 - RuntimeInstance initializing.
2016-10-20 11:18:34,695 - Default Properties File: org/apache/velocity/runtime/defaults/velocity.properties
2016-10-20 11:18:34,695 - Trying to use logger class org.apache.velocity.runtime.log.SimpleLog4JLogSystem
2016-10-20 11:18:34,695 - Using logger class org.apache.velocity.runtime.log.SimpleLog4JLogSystem
2016-10-20 11:18:34,698 - Default ResourceManager initializing. (class org.apache.velocity.runtime.resource.ResourceManagerImpl)
2016-10-20 11:18:34,703 - Resource Loader Instantiated: org.apache.velocity.runtime.resource.loader.FileResourceLoader
2016-10-20 11:18:34,703 - FileResourceLoader : initialization starting.
2016-10-20 11:18:34,704 - FileResourceLoader : adding path '.'
2016-10-20 11:18:34,704 - FileResourceLoader : initialization complete.
2016-10-20 11:18:34,705 - Resource Loader Instantiated: org.apache.velocity.runtime.resource.loader.ClasspathResourceLoader
2016-10-20 11:18:34,705 - ClasspathResourceLoader : initialization starting.
2016-10-20 11:18:34,705 - ClasspathResourceLoader : initialization complete.
2016-10-20 11:18:34,706 - ResourceCache : initialized. (class org.apache.velocity.runtime.resource.ResourceCacheImpl)
2016-10-20 11:18:34,706 - Default ResourceManager initialization complete.
2016-10-20 11:18:34,708 - Loaded System Directive: org.apache.velocity.runtime.directive.Literal
2016-10-20 11:18:34,710 - Loaded System Directive: org.apache.velocity.runtime.directive.Macro
2016-10-20 11:18:34,712 - Loaded System Directive: org.apache.velocity.runtime.directive.Parse
2016-10-20 11:18:34,714 - Loaded System Directive: org.apache.velocity.runtime.directive.Include
2016-10-20 11:18:34,714 - Loaded System Directive: org.apache.velocity.runtime.directive.Foreach
2016-10-20 11:18:34,746 - Created: 20 parsers.
2016-10-20 11:18:34,749 - Velocimacro : initialization starting.
2016-10-20 11:18:34,749 - Velocimacro : adding VMs from VM library template : VM_global_library.vm
2016-10-20 11:18:34,751 - ResourceManager : unable to find resource 'VM_global_library.vm' in any resource loader.
2016-10-20 11:18:34,751 - Velocimacro : error using  VM library template VM_global_library.vm : org.apache.velocity.exception.ResourceNotFoundException: Unable to find resource 'VM_global_library.vm'
2016-10-20 11:18:34,751 - Velocimacro :  VM library template macro registration complete.
2016-10-20 11:18:34,751 - Velocimacro : allowInline = true : VMs can be defined inline in templates
2016-10-20 11:18:34,751 - Velocimacro : allowInlineToOverride = false : VMs defined inline may NOT replace previous VM definitions
2016-10-20 11:18:34,751 - Velocimacro : allowInlineLocal = false : VMs defined inline will be  global in scope if allowed.
2016-10-20 11:18:34,751 - Velocimacro : messages on  : VM system will output logging messages
2016-10-20 11:18:34,752 - Velocimacro : autoload off  : VM system will not automatically reload global library macros
2016-10-20 11:18:34,752 - Velocimacro : initialization complete.
2016-10-20 11:18:34,752 - Velocity successfully started.
2016-10-20 11:22:50,326 - SimpleLog4JLogSystem initialized using logfile 'velocity.log'
2016-10-20 11:22:50,326 - ************************************************************** 
2016-10-20 11:22:50,326 - Starting Jakarta Velocity v1.4
2016-10-20 11:22:50,327 - RuntimeInstance initializing.
2016-10-20 11:22:50,327 - Default Properties File: org/apache/velocity/runtime/defaults/velocity.properties
2016-10-20 11:22:50,327 - Trying to use logger class org.apache.velocity.runtime.log.SimpleLog4JLogSystem
2016-10-20 11:22:50,327 - Using logger class org.apache.velocity.runtime.log.SimpleLog4JLogSystem
2016-10-20 11:22:50,329 - Default ResourceManager initializing. (class org.apache.velocity.runtime.resource.ResourceManagerImpl)
2016-10-20 11:22:50,331 - Resource Loader Instantiated: org.apache.velocity.runtime.resource.loader.FileResourceLoader
2016-10-20 11:22:50,331 - FileResourceLoader : initialization starting.
2016-10-20 11:22:50,331 - FileResourceLoader : adding path '.'
2016-10-20 11:22:50,331 - FileResourceLoader : initialization complete.
2016-10-20 11:22:50,332 - Resource Loader Instantiated: org.apache.velocity.runtime.resource.loader.ClasspathResourceLoader
2016-10-20 11:22:50,332 - ClasspathResourceLoader : initialization starting.
2016-10-20 11:22:50,332 - ClasspathResourceLoader : initialization complete.
2016-10-20 11:22:50,333 - ResourceCache : initialized. (class org.apache.velocity.runtime.resource.ResourceCacheImpl)
2016-10-20 11:22:50,333 - Default ResourceManager initialization complete.
2016-10-20 11:22:50,334 - Loaded System Directive: org.apache.velocity.runtime.directive.Literal
2016-10-20 11:22:50,336 - Loaded System Directive: org.apache.velocity.runtime.directive.Macro
2016-10-20 11:22:50,337 - Loaded System Directive: org.apache.velocity.runtime.directive.Parse
2016-10-20 11:22:50,338 - Loaded System Directive: org.apache.velocity.runtime.directive.Include
2016-10-20 11:22:50,339 - Loaded System Directive: org.apache.velocity.runtime.directive.Foreach
2016-10-20 11:22:50,364 - Created: 20 parsers.
2016-10-20 11:22:50,367 - Velocimacro : initialization starting.
2016-10-20 11:22:50,367 - Velocimacro : adding VMs from VM library template : VM_global_library.vm
2016-10-20 11:22:50,370 - ResourceManager : unable to find resource 'VM_global_library.vm' in any resource loader.
2016-10-20 11:22:50,370 - Velocimacro : error using  VM library template VM_global_library.vm : org.apache.velocity.exception.ResourceNotFoundException: Unable to find resource 'VM_global_library.vm'
2016-10-20 11:22:50,370 - Velocimacro :  VM library template macro registration complete.
2016-10-20 11:22:50,370 - Velocimacro : allowInline = true : VMs can be defined inline in templates
2016-10-20 11:22:50,370 - Velocimacro : allowInlineToOverride = false : VMs defined inline may NOT replace previous VM definitions
2016-10-20 11:22:50,370 - Velocimacro : allowInlineLocal = false : VMs defined inline will be  global in scope if allowed.
2016-10-20 11:22:50,370 - Velocimacro : messages on  : VM system will output logging messages
2016-10-20 11:22:50,370 - Velocimacro : autoload off  : VM system will not automatically reload global library macros
2016-10-20 11:22:50,370 - Velocimacro : initialization complete.
2016-10-20 11:22:50,370 - Velocity successfully started.
2016-10-20 11:32:32,013 - SimpleLog4JLogSystem initialized using logfile 'velocity.log'
2016-10-20 11:32:32,014 - ************************************************************** 
2016-10-20 11:32:32,014 - Starting Jakarta Velocity v1.4
2016-10-20 11:32:32,014 - RuntimeInstance initializing.
2016-10-20 11:32:32,014 - Default Properties File: org/apache/velocity/runtime/defaults/velocity.properties
2016-10-20 11:32:32,014 - Trying to use logger class org.apache.velocity.runtime.log.SimpleLog4JLogSystem
2016-10-20 11:32:32,014 - Using logger class org.apache.velocity.runtime.log.SimpleLog4JLogSystem
2016-10-20 11:32:32,016 - Default ResourceManager initializing. (class org.apache.velocity.runtime.resource.ResourceManagerImpl)
2016-10-20 11:32:32,018 - Resource Loader Instantiated: org.apache.velocity.runtime.resource.loader.FileResourceLoader
2016-10-20 11:32:32,018 - FileResourceLoader : initialization starting.
2016-10-20 11:32:32,018 - FileResourceLoader : adding path '.'
2016-10-20 11:32:32,018 - FileResourceLoader : initialization complete.
2016-10-20 11:32:32,019 - Resource Loader Instantiated: org.apache.velocity.runtime.resource.loader.ClasspathResourceLoader
2016-10-20 11:32:32,019 - ClasspathResourceLoader : initialization starting.
2016-10-20 11:32:32,019 - ClasspathResourceLoader : initialization complete.
2016-10-20 11:32:32,020 - ResourceCache : initialized. (class org.apache.velocity.runtime.resource.ResourceCacheImpl)
2016-10-20 11:32:32,020 - Default ResourceManager initialization complete.
2016-10-20 11:32:32,021 - Loaded System Directive: org.apache.velocity.runtime.directive.Literal
2016-10-20 11:32:32,022 - Loaded System Directive: org.apache.velocity.runtime.directive.Macro
2016-10-20 11:32:32,023 - Loaded System Directive: org.apache.velocity.runtime.directive.Parse
2016-10-20 11:32:32,024 - Loaded System Directive: org.apache.velocity.runtime.directive.Include
2016-10-20 11:32:32,024 - Loaded System Directive: org.apache.velocity.runtime.directive.Foreach
2016-10-20 11:32:32,044 - Created: 20 parsers.
2016-10-20 11:32:32,047 - Velocimacro : initialization starting.
2016-10-20 11:32:32,047 - Velocimacro : adding VMs from VM library template : VM_global_library.vm
2016-10-20 11:32:32,050 - ResourceManager : unable to find resource 'VM_global_library.vm' in any resource loader.
2016-10-20 11:32:32,050 - Velocimacro : error using  VM library template VM_global_library.vm : org.apache.velocity.exception.ResourceNotFoundException: Unable to find resource 'VM_global_library.vm'
2016-10-20 11:32:32,050 - Velocimacro :  VM library template macro registration complete.
2016-10-20 11:32:32,050 - Velocimacro : allowInline = true : VMs can be defined inline in templates
2016-10-20 11:32:32,050 - Velocimacro : allowInlineToOverride = false : VMs defined inline may NOT replace previous VM definitions
2016-10-20 11:32:32,050 - Velocimacro : allowInlineLocal = false : VMs defined inline will be  global in scope if allowed.
2016-10-20 11:32:32,050 - Velocimacro : messages on  : VM system will output logging messages
2016-10-20 11:32:32,050 - Velocimacro : autoload off  : VM system will not automatically reload global library macros
2016-10-20 11:32:32,050 - Velocimacro : initialization complete.
2016-10-20 11:32:32,050 - Velocity successfully started.
2016-10-20 11:33:11,481 - SimpleLog4JLogSystem initialized using logfile 'velocity.log'
2016-10-20 11:33:11,482 - ************************************************************** 
2016-10-20 11:33:11,482 - Starting Jakarta Velocity v1.4
2016-10-20 11:33:11,482 - RuntimeInstance initializing.
2016-10-20 11:33:11,482 - Default Properties File: org/apache/velocity/runtime/defaults/velocity.properties
2016-10-20 11:33:11,482 - Trying to use logger class org.apache.velocity.runtime.log.SimpleLog4JLogSystem
2016-10-20 11:33:11,482 - Using logger class org.apache.velocity.runtime.log.SimpleLog4JLogSystem
2016-10-20 11:33:11,483 - Default ResourceManager initializing. (class org.apache.velocity.runtime.resource.ResourceManagerImpl)
2016-10-20 11:33:11,485 - Resource Loader Instantiated: org.apache.velocity.runtime.resource.loader.FileResourceLoader
2016-10-20 11:33:11,485 - FileResourceLoader : initialization starting.
2016-10-20 11:33:11,485 - FileResourceLoader : adding path '.'
2016-10-20 11:33:11,485 - FileResourceLoader : initialization complete.
2016-10-20 11:33:11,486 - Resource Loader Instantiated: org.apache.velocity.runtime.resource.loader.ClasspathResourceLoader
2016-10-20 11:33:11,486 - ClasspathResourceLoader : initialization starting.
2016-10-20 11:33:11,486 - ClasspathResourceLoader : initialization complete.
2016-10-20 11:33:11,487 - ResourceCache : initialized. (class org.apache.velocity.runtime.resource.ResourceCacheImpl)
2016-10-20 11:33:11,487 - Default ResourceManager initialization complete.
2016-10-20 11:33:11,487 - Loaded System Directive: org.apache.velocity.runtime.directive.Literal
2016-10-20 11:33:11,488 - Loaded System Directive: org.apache.velocity.runtime.directive.Macro
2016-10-20 11:33:11,490 - Loaded System Directive: org.apache.velocity.runtime.directive.Parse
2016-10-20 11:33:11,491 - Loaded System Directive: org.apache.velocity.runtime.directive.Include
2016-10-20 11:33:11,492 - Loaded System Directive: org.apache.velocity.runtime.directive.Foreach
2016-10-20 11:33:11,537 - Created: 20 parsers.
2016-10-20 11:33:11,543 - Velocimacro : initialization starting.
2016-10-20 11:33:11,543 - Velocimacro : adding VMs from VM library template : VM_global_library.vm
2016-10-20 11:33:11,550 - ResourceManager : unable to find resource 'VM_global_library.vm' in any resource loader.
2016-10-20 11:33:11,550 - Velocimacro : error using  VM library template VM_global_library.vm : org.apache.velocity.exception.ResourceNotFoundException: Unable to find resource 'VM_global_library.vm'
2016-10-20 11:33:11,550 - Velocimacro :  VM library template macro registration complete.
2016-10-20 11:33:11,550 - Velocimacro : allowInline = true : VMs can be defined inline in templates
2016-10-20 11:33:11,550 - Velocimacro : allowInlineToOverride = false : VMs defined inline may NOT replace previous VM definitions
2016-10-20 11:33:11,551 - Velocimacro : allowInlineLocal = false : VMs defined inline will be  global in scope if allowed.
2016-10-20 11:33:11,551 - Velocimacro : messages on  : VM system will output logging messages
2016-10-20 11:33:11,551 - Velocimacro : autoload off  : VM system will not automatically reload global library macros
2016-10-20 11:33:11,551 - Velocimacro : initialization complete.
2016-10-20 11:33:11,551 - Velocity successfully started.
2016-10-20 11:35:34,883 - SimpleLog4JLogSystem initialized using logfile 'velocity.log'
2016-10-20 11:35:34,884 - ************************************************************** 
2016-10-20 11:35:34,884 - Starting Jakarta Velocity v1.4
2016-10-20 11:35:34,885 - RuntimeInstance initializing.
2016-10-20 11:35:34,885 - Default Properties File: org/apache/velocity/runtime/defaults/velocity.properties
2016-10-20 11:35:34,885 - Trying to use logger class org.apache.velocity.runtime.log.SimpleLog4JLogSystem
2016-10-20 11:35:34,885 - Using logger class org.apache.velocity.runtime.log.SimpleLog4JLogSystem
2016-10-20 11:35:34,889 - Default ResourceManager initializing. (class org.apache.velocity.runtime.resource.ResourceManagerImpl)
2016-10-20 11:35:34,895 - Resource Loader Instantiated: org.apache.velocity.runtime.resource.loader.FileResourceLoader
2016-10-20 11:35:34,895 - FileResourceLoader : initialization starting.
2016-10-20 11:35:34,896 - FileResourceLoader : adding path '.'
2016-10-20 11:35:34,896 - FileResourceLoader : initialization complete.
2016-10-20 11:35:34,897 - Resource Loader Instantiated: org.apache.velocity.runtime.resource.loader.ClasspathResourceLoader
2016-10-20 11:35:34,898 - ClasspathResourceLoader : initialization starting.
2016-10-20 11:35:34,898 - ClasspathResourceLoader : initialization complete.
2016-10-20 11:35:34,899 - ResourceCache : initialized. (class org.apache.velocity.runtime.resource.ResourceCacheImpl)
2016-10-20 11:35:34,899 - Default ResourceManager initialization complete.
2016-10-20 11:35:34,900 - Loaded System Directive: org.apache.velocity.runtime.directive.Literal
2016-10-20 11:35:34,901 - Loaded System Directive: org.apache.velocity.runtime.directive.Macro
2016-10-20 11:35:34,903 - Loaded System Directive: org.apache.velocity.runtime.directive.Parse
2016-10-20 11:35:34,904 - Loaded System Directive: org.apache.velocity.runtime.directive.Include
2016-10-20 11:35:34,905 - Loaded System Directive: org.apache.velocity.runtime.directive.Foreach
2016-10-20 11:35:34,930 - Created: 20 parsers.
2016-10-20 11:35:34,933 - Velocimacro : initialization starting.
2016-10-20 11:35:34,933 - Velocimacro : adding VMs from VM library template : VM_global_library.vm
2016-10-20 11:35:34,936 - ResourceManager : unable to find resource 'VM_global_library.vm' in any resource loader.
2016-10-20 11:35:34,936 - Velocimacro : error using  VM library template VM_global_library.vm : org.apache.velocity.exception.ResourceNotFoundException: Unable to find resource 'VM_global_library.vm'
2016-10-20 11:35:34,936 - Velocimacro :  VM library template macro registration complete.
2016-10-20 11:35:34,936 - Velocimacro : allowInline = true : VMs can be defined inline in templates
2016-10-20 11:35:34,936 - Velocimacro : allowInlineToOverride = false : VMs defined inline may NOT replace previous VM definitions
2016-10-20 11:35:34,936 - Velocimacro : allowInlineLocal = false : VMs defined inline will be  global in scope if allowed.
2016-10-20 11:35:34,936 - Velocimacro : messages on  : VM system will output logging messages
2016-10-20 11:35:34,936 - Velocimacro : autoload off  : VM system will not automatically reload global library macros
2016-10-20 11:35:34,936 - Velocimacro : initialization complete.
2016-10-20 11:35:34,936 - Velocity successfully started.
